<?xml version="1.0" encoding="UTF-8"?>
<testng-results skipped="0" failed="0" ignored="0" total="2" passed="2">
  <reporter-output>
  </reporter-output>
  <suite name="Suite" duration-ms="27307" started-at="2021-03-24T23:11:28Z" finished-at="2021-03-24T23:11:55Z">
    <groups>
      <group name="cucumber">
        <method signature="TestRunner.feature(cucumber.api.testng.CucumberFeatureWrapper)[pri:0, instance:com.org.search.runner.TestRunner@2038ae61]" name="feature" class="com.org.search.runner.TestRunner"/>
      </group> <!-- cucumber -->
    </groups>
    <test name="Google Search" duration-ms="27307" started-at="2021-03-24T23:11:28Z" finished-at="2021-03-24T23:11:55Z">
      <class name="com.org.search.runner.TestRunner">
        <test-method status="PASS" signature="setUpClass()[pri:0, instance:com.org.search.runner.TestRunner@2038ae61]" name="setUpClass" is-config="true" duration-ms="192" started-at="2021-03-24T23:11:33Z" finished-at="2021-03-24T23:11:33Z">
          <reporter-output>
          </reporter-output>
        </test-method> <!-- setUpClass -->
        <test-method status="PASS" signature="feature(cucumber.api.testng.CucumberFeatureWrapper)[pri:0, instance:com.org.search.runner.TestRunner@2038ae61]" name="feature" duration-ms="13999" started-at="2021-03-24T23:11:33Z" description="Runs Cucumber Feature" data-provider="features" finished-at="2021-03-24T23:11:47Z">
          <params>
            <param index="0">
              <value>
                <![CDATA[Keyowrd Search Result]]>
              </value>
            </param>
          </params>
          <reporter-output>
          </reporter-output>
        </test-method> <!-- feature -->
        <test-method status="PASS" signature="feature(cucumber.api.testng.CucumberFeatureWrapper)[pri:0, instance:com.org.search.runner.TestRunner@2038ae61]" name="feature" duration-ms="6630" started-at="2021-03-24T23:11:47Z" description="Runs Cucumber Feature" data-provider="features" finished-at="2021-03-24T23:11:54Z">
          <params>
            <param index="0">
              <value>
                <![CDATA[Link availbility and Keyword Occurance]]>
              </value>
            </param>
          </params>
          <reporter-output>
          </reporter-output>
        </test-method> <!-- feature -->
        <test-method status="PASS" signature="tearDownClass()[pri:0, instance:com.org.search.runner.TestRunner@2038ae61]" name="tearDownClass" is-config="true" duration-ms="450" started-at="2021-03-24T23:11:54Z" finished-at="2021-03-24T23:11:54Z">
          <reporter-output>
          </reporter-output>
        </test-method> <!-- tearDownClass -->
      </class> <!-- com.org.search.runner.TestRunner -->
      <class name="com.org.search.utils.TestBase">
        <test-method status="PASS" signature="inialization(java.lang.String, java.lang.String, java.lang.String)[pri:0, instance:com.org.search.utils.TestBase@60c6f5b]" name="inialization" is-config="true" duration-ms="4930" started-at="2021-03-24T23:11:28Z" finished-at="2021-03-24T23:11:33Z">
          <params>
            <param index="0">
              <value>
                <![CDATA[chrome]]>
              </value>
            </param>
            <param index="1">
              <value>
                <![CDATA[windows]]>
              </value>
            </param>
            <param index="2">
              <value>
                <![CDATA[qa]]>
              </value>
            </param>
          </params>
          <reporter-output>
          </reporter-output>
        </test-method> <!-- inialization -->
        <test-method status="PASS" signature="teardown()[pri:0, instance:com.org.search.utils.TestBase@60c6f5b]" name="teardown" is-config="true" duration-ms="1016" started-at="2021-03-24T23:11:54Z" finished-at="2021-03-24T23:11:55Z">
          <reporter-output>
          </reporter-output>
        </test-method> <!-- teardown -->
      </class> <!-- com.org.search.utils.TestBase -->
    </test> <!-- Google Search -->
  </suite> <!-- Suite -->
</testng-results>
